<?xml version="1.0" encoding="UTF-8"?>
<!-- Generated by org.testng.reporters.JUnitReportReporter -->
<testsuite hostname="DESKTOP-6R0FAO5" failures="0" tests="1" name="tnationtest.TestCase3" time="9.680" errors="0" timestamp="2020-03-05T17:10:48 CET" skipped="0">
  <testcase classname="tnationtest.TestCase3" name="pera" time="9.680"/>
</testsuite> <!-- tnationtest.TestCase3 -->
