<?xml version="1.0" encoding="UTF-8"?>
<!-- Generated by org.testng.reporters.JUnitReportReporter -->
<testsuite hostname="DESKTOP-6R0FAO5" failures="0" tests="1" name="apitest.SearchBoxTest" time="4.108" errors="0" timestamp="2020-03-06T15:59:31 CET" skipped="0">
  <testcase classname="apitest.SearchBoxTest" name="searchBoxTest" time="4.108"/>
</testsuite> <!-- apitest.SearchBoxTest -->
