<?xml version="1.0" encoding="UTF-8"?>
<!-- Generated by org.testng.reporters.JUnitReportReporter -->
<testsuite hostname="DESKTOP-6R0FAO5" failures="0" tests="1" name="tnationtest.TestClass" time="12.875" errors="0" timestamp="2020-03-05T19:23:32 CET" skipped="0">
  <testcase classname="tnationtest.TestClass" name="testNewsLetter" time="12.875"/>
</testsuite> <!-- tnationtest.TestClass -->
