<?xml version="1.0" encoding="UTF-8"?>
<!-- Generated by org.testng.reporters.JUnitReportReporter -->
<testsuite hostname="DESKTOP-6R0FAO5" failures="0" tests="1" name="tnationtest.TshirtsVerification" time="14.664" errors="0" timestamp="2020-03-06T12:13:20 CET" skipped="0">
  <testcase classname="tnationtest.TshirtsVerification" name="tShirtsPage" time="14.664"/>
</testsuite> <!-- tnationtest.TshirtsVerification -->
