<?xml version="1.0" encoding="UTF-8"?>
<!-- Generated by org.testng.reporters.JUnitReportReporter -->
<testsuite hostname="DESKTOP-6R0FAO5" failures="0" tests="1" name="tnationtest.NewsLetterTest" time="12.130" errors="0" timestamp="2020-03-06T15:59:31 CET" skipped="0">
  <testcase classname="tnationtest.NewsLetterTest" name="IncorrectMailTest" time="12.130"/>
</testsuite> <!-- tnationtest.NewsLetterTest -->
